<?xml version="1.0" encoding="UTF-8" ?>
<testsuite errors="0" failures="0" hostname="Adea-11.local" name="Comcast_Demo.DemoClass_MB" tests="1" time="130.88" timestamp="2013-05-09T13:42:20">
  <properties>
    <property name="java.vendor" value="Apple Inc." />
    <property name="env.JENKINS_SERVER_COOKIE" value="2951049d29589bf3" />
    <property name="sun.java.launcher" value="SUN_STANDARD" />
    <property name="jikes.class.path" value=":/System/Library/Java/JavaVirtualMachines/1.6.0.jdk/Contents/Home/../Classes/alt-rt.jar:/System/Library/Java/JavaVirtualMachines/1.6.0.jdk/Contents/Home/../Classes/alt-string.jar:/System/Library/Java/JavaVirtualMachines/1.6.0.jdk/Contents/Home/../Classes/charsets.jar:/System/Library/Java/JavaVirtualMachines/1.6.0.jdk/Contents/Home/../Classes/classes.jar:/System/Library/Java/JavaVirtualMachines/1.6.0.jdk/Contents/Home/../Classes/dt.jar:/System/Library/Java/JavaVirtualMachines/1.6.0.jdk/Contents/Home/../Classes/jce.jar:/System/Library/Java/JavaVirtualMachines/1.6.0.jdk/Contents/Home/../Classes/jconsole.jar:/System/Library/Java/JavaVirtualMachines/1.6.0.jdk/Contents/Home/../Classes/jsse.jar:/System/Library/Java/JavaVirtualMachines/1.6.0.jdk/Contents/Home/../Classes/management-agent.jar:/System/Library/Java/JavaVirtualMachines/1.6.0.jdk/Contents/Home/../Classes/ui.jar" />
    <property name="sun.management.compiler" value="HotSpot 64-Bit Tiered Compilers" />
    <property name="env.GEM_HOME" value="/usr/local/rvm/gems/ruby-1.9.3-p392@rails3tutorial" />
    <property name="os.name" value="Mac OS X" />
    <property name="sun.boot.class.path" value="/System/Library/Java/JavaVirtualMachines/1.6.0.jdk/Contents/Classes/jsfd.jar:/System/Library/Java/JavaVirtualMachines/1.6.0.jdk/Contents/Classes/classes.jar:/System/Library/Frameworks/JavaVM.framework/Frameworks/JavaRuntimeSupport.framework/Resources/Java/JavaRuntimeSupport.jar:/System/Library/Java/JavaVirtualMachines/1.6.0.jdk/Contents/Classes/ui.jar:/System/Library/Java/JavaVirtualMachines/1.6.0.jdk/Contents/Classes/laf.jar:/System/Library/Java/JavaVirtualMachines/1.6.0.jdk/Contents/Classes/sunrsasign.jar:/System/Library/Java/JavaVirtualMachines/1.6.0.jdk/Contents/Classes/jsse.jar:/System/Library/Java/JavaVirtualMachines/1.6.0.jdk/Contents/Classes/jce.jar:/System/Library/Java/JavaVirtualMachines/1.6.0.jdk/Contents/Classes/charsets.jar" />
    <property name="env.TMPDIR" value="/var/folders/wv/kv98qhfj6v36b2h0fkf_l66w0000gn/T/" />
    <property name="env.rvm_warn_clr" value="[33m" />
    <property name="env.Apple_Ubiquity_Message" value="/tmp/launch-RhMxj9/Apple_Ubiquity_Message" />
    <property name="env.PWD" value="/Volumes/Ankit/ComcastAutomation" />
    <property name="env.LANG" value="en_US.UTF-8" />
    <property name="java.vm.specification.vendor" value="Sun Microsystems Inc." />
    <property name="ant.home" value="/usr/share/ant" />
    <property name="java.runtime.version" value="1.6.0_45-b06-451-11M4406" />
    <property name="env.MY_RUBY_HOME" value="/usr/local/rvm/rubies/ruby-1.9.3-p392" />
    <property name="env.BUILD_DISPLAY_NAME" value="#24" />
    <property name="env.Apple_PubSub_Socket_Render" value="/tmp/launch-Xp1WpD/Render" />
    <property name="env.DISPLAY" value="/tmp/launch-KD2sfv/org.x:0" />
    <property name="env.rvm_version" value="1.18.10 (master)" />
    <property name="user.name" value="Valtech" />
    <property name="env.escape_flag" value="1" />
    <property name="env.USER" value="Valtech" />
    <property name="env.SHELL" value="/bin/bash" />
    <property name="env.JAVA_MAIN_CLASS_733" value="org.apache.tools.ant.launch.Launcher" />
    <property name="env.__CF_USER_TEXT_ENCODING" value="0x1F5:0:0" />
    <property name="awt.nativeDoubleBuffering" value="true" />
    <property name="env.PATH" value="/usr/local/rvm/gems/ruby-1.9.3-p392@rails3tutorial/bin:/usr/local/rvm/gems/ruby-1.9.3-p392@global/bin:/usr/local/rvm/rubies/ruby-1.9.3-p392/bin:/usr/local/rvm/bin:/usr/bin:/bin:/usr/sbin:/sbin:/usr/local/bin:/usr/X11/bin:/opt/sm/bin:/opt/sm/pkg/active/bin:/opt/sm/pkg/active/sbin" />
    <property name="env.rvm_debug_clr" value="[35m" />
    <property name="user.language" value="en" />
    <property name="env.rvm_prefix" value="/usr/local" />
    <property name="env.rvm_notify_clr" value="[32m" />
    <property name="sun.boot.library.path" value="/System/Library/Java/JavaVirtualMachines/1.6.0.jdk/Contents/Libraries" />
    <property name="ant.project.default-target" value="build" />
    <property name="ant.project.name" value="Selenium_Web_Driver" />
    <property name="env.rvm_path" value="/usr/local/rvm" />
    <property name="env.RUBY_VERSION" value="ruby-1.9.3-p392" />
    <property name="java.version" value="1.6.0_45" />
    <property name="user.timezone" value="" />
    <property name="env.NODE_NAME" value="master" />
    <property name="env._first" value="0" />
    <property name="sun.arch.data.model" value="64" />
    <property name="http.nonProxyHosts" value="local|*.local|169.254/16|*.169.254/16" />
    <property name="java.endorsed.dirs" value="/System/Library/Java/JavaVirtualMachines/1.6.0.jdk/Contents/Home/lib/endorsed" />
    <property name="sun.cpu.isalist" value="" />
    <property name="sun.jnu.encoding" value="MacRoman" />
    <property name="env.rvm_bin_path" value="/usr/local/rvm/bin" />
    <property name="file.encoding.pkg" value="sun.io" />
    <property name="env.SHLVL" value="2" />
    <property name="file.separator" value="/" />
    <property name="java.specification.name" value="Java Platform API Specification" />
    <property name="java.class.version" value="50.0" />
    <property name="user.country" value="US" />
    <property name="env.BUILD_NUMBER" value="24" />
    <property name="java.home" value="/System/Library/Java/JavaVirtualMachines/1.6.0.jdk/Contents/Home" />
    <property name="java.vm.info" value="mixed mode" />
    <property name="env.LOGNAME" value="Valtech" />
    <property name="ant.file" value="/Volumes/Ankit/ComcastAutomation/build.xml" />
    <property name="os.version" value="10.7.5" />
    <property name="env.HUDSON_COOKIE" value="84f69170-70da-4a51-ae10-2849dd81286d" />
    <property name="env.rvm_ruby_string" value="ruby-1.9.3-p392" />
    <property name="env.TERM_PROGRAM_VERSION" value="303.2" />
    <property name="path.separator" value=":" />
    <property name="java.vm.version" value="20.45-b01-451" />
    <property name="env._second" value="1" />
    <property name="ant.library.dir" value="/usr/share/ant/lib" />
    <property name="junit.output.dir" value="junit" />
    <property name="env.JOB_NAME" value="GoldenGate-SeleniumTest" />
    <property name="env.IRBRC" value="/usr/local/rvm/rubies/ruby-1.9.3-p392/.irbrc" />
    <property name="env.TERM" value="xterm-256color" />
    <property name="java.awt.printerjob" value="apple.awt.CPrinterJob" />
    <property name="ant.file.type.Selenium_Web_Driver" value="file" />
    <property name="sun.io.unicode.encoding" value="UnicodeLittle" />
    <property name="ant.file.Selenium_Web_Driver" value="/Volumes/Ankit/ComcastAutomation/build.xml" />
    <property name="awt.toolkit" value="apple.awt.CToolkit" />
    <property name="socksNonProxyHosts" value="local|*.local|169.254/16|*.169.254/16" />
    <property name="ftp.nonProxyHosts" value="local|*.local|169.254/16|*.169.254/16" />
    <property name="env.BUILD_TAG" value="jenkins-GoldenGate-SeleniumTest-24" />
    <property name="env.GEM_PATH" value="/usr/local/rvm/gems/ruby-1.9.3-p392@rails3tutorial:/usr/local/rvm/gems/ruby-1.9.3-p392@global" />
    <property name="target" value="1.6" />
    <property name="user.home" value="/Users/Valtech" />
    <property name="env.JENKINS_HOME" value="/Users/Valtech/.jenkins" />
    <property name="java.specification.vendor" value="Sun Microsystems Inc." />
    <property name="env.TERM_PROGRAM" value="Apple_Terminal" />
    <property name="java.vendor.url" value="http://www.apple.com/" />
    <property name="java.library.path" value=".:/Library/Java/Extensions:/System/Library/Java/Extensions:/usr/lib/java" />
    <property name="env.HUDSON_HOME" value="/Users/Valtech/.jenkins" />
    <property name="java.vm.vendor" value="Apple Inc." />
    <property name="env.HUDSON_SERVER_COOKIE" value="2951049d29589bf3" />
    <property name="gopherProxySet" value="false" />
    <property name="java.runtime.name" value="Java(TM) SE Runtime Environment" />
    <property name="ant.version" value="Apache Ant(TM) version 1.8.2 compiled on June 3 2011" />
    <property name="sun.java.command" value="org.apache.tools.ant.taskdefs.optional.junit.JUnitTestRunner Comcast_Demo.DemoClass_MB filtertrace=true haltOnError=false haltOnFailure=false formatter=org.apache.tools.ant.taskdefs.optional.junit.OutErrSummaryJUnitResultFormatter showoutput=false outputtoformatters=true logfailedtests=true logtestlistenerevents=false formatter=org.apache.tools.ant.taskdefs.optional.junit.XMLJUnitResultFormatter,/Volumes/Ankit/ComcastAutomation/junit/TEST-Comcast_Demo.DemoClass_MB.xml crashfile=/Volumes/Ankit/ComcastAutomation/junitvmwatcher4720753586716620958.properties propsfile=/Volumes/Ankit/ComcastAutomation/junit3317147425039490135.properties" />
    <property name="java.class.path" value="/Volumes/Ankit/ComcastAutomation/bin:/Volumes/Ankit/ComcastAutomation/Jars/selenium-server-standalone-2.32.0.jar:/usr/share/java/ant-1.8.2/lib/ant-launcher.jar:/usr/share/ant/lib/ant.jar:/usr/share/ant/lib/ant-junit.jar:/usr/share/ant/lib/ant-junit4.jar" />
    <property name="env.TERM_SESSION_ID" value="32B760A0-95EC-4A13-BB58-847F7917DEDE" />
    <property name="env.EXECUTOR_NUMBER" value="1" />
    <property name="env.com.apple.java.jvmMode" value="client" />
    <property name="java.vm.specification.name" value="Java Virtual Machine Specification" />
    <property name="ant.file.type" value="file" />
    <property name="java.vm.specification.version" value="1.0" />
    <property name="sun.os.patch.level" value="unknown" />
    <property name="sun.cpu.endian" value="little" />
    <property name="debuglevel" value="source,lines,vars" />
    <property name="env.HOME" value="/Users/Valtech" />
    <property name="java.io.tmpdir" value="/var/folders/wv/kv98qhfj6v36b2h0fkf_l66w0000gn/T/" />
    <property name="java.vendor.url.bug" value="http://bugreport.apple.com/" />
    <property name="env.SSH_AUTH_SOCK" value="/tmp/launch-QL4Zqz/Listeners" />
    <property name="env.rvm_env_string" value="ruby-1.9.3-p392@rails3tutorial" />
    <property name="env.COMMAND_MODE" value="unix2003" />
    <property name="mrj.build" value="11M4406" />
    <property name="java.awt.graphicsenv" value="apple.awt.CGraphicsEnvironment" />
    <property name="os.arch" value="x86_64" />
    <property name="env.__array_start" value="0" />
    <property name="java.ext.dirs" value="/Library/Java/Extensions:/System/Library/Java/Extensions:/System/Library/Java/JavaVirtualMachines/1.6.0.jdk/Contents/Home/lib/ext" />
    <property name="user.dir" value="/Volumes/Ankit/ComcastAutomation" />
    <property name="env.com.apple.java.jvmTask" value="CommandLine.java.java" />
    <property name="env.BUILD_ID" value="2013-05-09_19-12-17" />
    <property name="mrj.version" value="1070.1.6.0_45-451" />
    <property name="env.rvm_reset_clr" value="(B[m" />
    <property name="env.JAVA_ARCH" value="x86_64" />
    <property name="line.separator" value="&#xa;" />
    <property name="java.vm.name" value="Java HotSpot(TM) 64-Bit Server VM" />
    <property name="basedir" value="/Volumes/Ankit/ComcastAutomation" />
    <property name="ant.java.version" value="1.6" />
    <property name="ant.core.lib" value="/usr/share/ant/lib/ant.jar" />
    <property name="source" value="1.6" />
    <property name="file.encoding" value="MacRoman" />
    <property name="env.WORKSPACE" value="/Volumes/Ankit/ComcastAutomation" />
    <property name="env.rvm_error_clr" value="[31m" />
    <property name="env.JAVA_MAIN_CLASS_358" value="Main" />
    <property name="java.specification.version" value="1.6" />
    <property name="ant.project.invoked-targets" value="runATFOnMB" />
    <property name="env.NODE_LABELS" value="master" />
  </properties>
  <testcase classname="Comcast_Demo.DemoClass_MB" name="testUserRegistration" time="130.74" />
  <system-out><![CDATA[]]></system-out>
  <system-err><![CDATA[]]></system-err>
</testsuite>
